  Moc'ing WalkInPlaceTabController.h...
  Moc'ing overlaycontroller.h...
  moc_WalkInPlaceTabController.cpp
c:\users\leamm\documents\openvr-walkinplace\client_overlay\release\../src/tabcontrollers/WalkInPlaceTabController.h(22): warning C4305: 'initializing': truncation from 'double' to 'float'
c:\users\leamm\documents\openvr-walkinplace\client_overlay\release\../src/tabcontrollers/WalkInPlaceTabController.h(23): warning C4305: 'initializing': truncation from 'double' to 'float'
c:\users\leamm\documents\openvr-walkinplace\client_overlay\release\../src/tabcontrollers/WalkInPlaceTabController.h(24): warning C4305: 'initializing': truncation from 'double' to 'float'
c:\users\leamm\documents\openvr-walkinplace\client_overlay\release\../src/tabcontrollers/WalkInPlaceTabController.h(58): warning C4305: 'initializing': truncation from 'double' to 'float'
c:\users\leamm\documents\openvr-walkinplace\client_overlay\release\../src/tabcontrollers/WalkInPlaceTabController.h(59): warning C4305: 'initializing': truncation from 'double' to 'float'
c:\users\leamm\documents\openvr-walkinplace\client_overlay\release\../src/tabcontrollers/WalkInPlaceTabController.h(60): warning C4305: 'initializing': truncation from 'double' to 'float'
c:\users\leamm\documents\openvr-walkinplace\client_overlay\release\../src/tabcontrollers/WalkInPlaceTabController.h(61): warning C4305: 'initializing': truncation from 'double' to 'float'
  moc_overlaycontroller.cpp
c:\users\leamm\documents\openvr-walkinplace\client_overlay\src\tabcontrollers/WalkInPlaceTabController.h(22): warning C4305: 'initializing': truncation from 'double' to 'float'
c:\users\leamm\documents\openvr-walkinplace\client_overlay\src\tabcontrollers/WalkInPlaceTabController.h(23): warning C4305: 'initializing': truncation from 'double' to 'float'
c:\users\leamm\documents\openvr-walkinplace\client_overlay\src\tabcontrollers/WalkInPlaceTabController.h(24): warning C4305: 'initializing': truncation from 'double' to 'float'
c:\users\leamm\documents\openvr-walkinplace\client_overlay\src\tabcontrollers/WalkInPlaceTabController.h(58): warning C4305: 'initializing': truncation from 'double' to 'float'
c:\users\leamm\documents\openvr-walkinplace\client_overlay\src\tabcontrollers/WalkInPlaceTabController.h(59): warning C4305: 'initializing': truncation from 'double' to 'float'
c:\users\leamm\documents\openvr-walkinplace\client_overlay\src\tabcontrollers/WalkInPlaceTabController.h(60): warning C4305: 'initializing': truncation from 'double' to 'float'
c:\users\leamm\documents\openvr-walkinplace\client_overlay\src\tabcontrollers/WalkInPlaceTabController.h(61): warning C4305: 'initializing': truncation from 'double' to 'float'
  WalkInPlaceTabController.cpp
c:\users\leamm\documents\openvr-walkinplace\client_overlay\src\tabcontrollers\WalkInPlaceTabController.h(22): warning C4305: 'initializing': truncation from 'double' to 'float'
c:\users\leamm\documents\openvr-walkinplace\client_overlay\src\tabcontrollers\WalkInPlaceTabController.h(23): warning C4305: 'initializing': truncation from 'double' to 'float'
c:\users\leamm\documents\openvr-walkinplace\client_overlay\src\tabcontrollers\WalkInPlaceTabController.h(24): warning C4305: 'initializing': truncation from 'double' to 'float'
c:\users\leamm\documents\openvr-walkinplace\client_overlay\src\tabcontrollers\WalkInPlaceTabController.h(58): warning C4305: 'initializing': truncation from 'double' to 'float'
c:\users\leamm\documents\openvr-walkinplace\client_overlay\src\tabcontrollers\WalkInPlaceTabController.h(59): warning C4305: 'initializing': truncation from 'double' to 'float'
c:\users\leamm\documents\openvr-walkinplace\client_overlay\src\tabcontrollers\WalkInPlaceTabController.h(60): warning C4305: 'initializing': truncation from 'double' to 'float'
c:\users\leamm\documents\openvr-walkinplace\client_overlay\src\tabcontrollers\WalkInPlaceTabController.h(61): warning C4305: 'initializing': truncation from 'double' to 'float'
  main.cpp
c:\users\leamm\documents\openvr-walkinplace\client_overlay\src\tabcontrollers/WalkInPlaceTabController.h(22): warning C4305: 'initializing': truncation from 'double' to 'float'
c:\users\leamm\documents\openvr-walkinplace\client_overlay\src\tabcontrollers/WalkInPlaceTabController.h(23): warning C4305: 'initializing': truncation from 'double' to 'float'
c:\users\leamm\documents\openvr-walkinplace\client_overlay\src\tabcontrollers/WalkInPlaceTabController.h(24): warning C4305: 'initializing': truncation from 'double' to 'float'
c:\users\leamm\documents\openvr-walkinplace\client_overlay\src\tabcontrollers/WalkInPlaceTabController.h(58): warning C4305: 'initializing': truncation from 'double' to 'float'
c:\users\leamm\documents\openvr-walkinplace\client_overlay\src\tabcontrollers/WalkInPlaceTabController.h(59): warning C4305: 'initializing': truncation from 'double' to 'float'
c:\users\leamm\documents\openvr-walkinplace\client_overlay\src\tabcontrollers/WalkInPlaceTabController.h(60): warning C4305: 'initializing': truncation from 'double' to 'float'
c:\users\leamm\documents\openvr-walkinplace\client_overlay\src\tabcontrollers/WalkInPlaceTabController.h(61): warning C4305: 'initializing': truncation from 'double' to 'float'
  overlaycontroller.cpp
c:\users\leamm\documents\openvr-walkinplace\client_overlay\src\tabcontrollers/WalkInPlaceTabController.h(22): warning C4305: 'initializing': truncation from 'double' to 'float'
c:\users\leamm\documents\openvr-walkinplace\client_overlay\src\tabcontrollers/WalkInPlaceTabController.h(23): warning C4305: 'initializing': truncation from 'double' to 'float'
c:\users\leamm\documents\openvr-walkinplace\client_overlay\src\tabcontrollers/WalkInPlaceTabController.h(24): warning C4305: 'initializing': truncation from 'double' to 'float'
c:\users\leamm\documents\openvr-walkinplace\client_overlay\src\tabcontrollers/WalkInPlaceTabController.h(58): warning C4305: 'initializing': truncation from 'double' to 'float'
c:\users\leamm\documents\openvr-walkinplace\client_overlay\src\tabcontrollers/WalkInPlaceTabController.h(59): warning C4305: 'initializing': truncation from 'double' to 'float'
c:\users\leamm\documents\openvr-walkinplace\client_overlay\src\tabcontrollers/WalkInPlaceTabController.h(60): warning C4305: 'initializing': truncation from 'double' to 'float'
c:\users\leamm\documents\openvr-walkinplace\client_overlay\src\tabcontrollers/WalkInPlaceTabController.h(61): warning C4305: 'initializing': truncation from 'double' to 'float'
  Generating Code...
  libvrwalkinplace.lib(vrwalkinplace.obj) : MSIL .netmodule or module compiled with /GL found; restarting link with /LTCG; add /LTCG to the link command line to improve linker performance
  Generating code
  Finished generating code
  client_overlay.vcxproj -> C:\Users\leamm\Documents\OpenVR-WalkInPlace\client_overlay\bin\win64\OpenVR-WalkInPlaceOverlay.exe
