c:\users\leamm\documents\openvr-inputemulator\client_overlay\x64\release\overlaycontroller.obj
c:\users\leamm\documents\openvr-inputemulator\client_overlay\x64\release\main.obj
c:\users\leamm\documents\openvr-inputemulator\client_overlay\x64\release\devicemanipulationtabcontroller.obj
c:\users\leamm\documents\openvr-inputemulator\client_overlay\x64\release\moc_overlaycontroller.obj
c:\users\leamm\documents\openvr-inputemulator\client_overlay\x64\release\moc_devicemanipulationtabcontroller.obj
c:\users\leamm\documents\openvr-walkinplace\client_overlay\x64\release\overlaycontroller.obj
c:\users\leamm\documents\openvr-walkinplace\client_overlay\x64\release\main.obj
c:\users\leamm\documents\openvr-walkinplace\client_overlay\x64\release\devicemanipulationtabcontroller.obj
c:\users\leamm\documents\openvr-walkinplace\client_overlay\x64\release\moc_overlaycontroller.obj
c:\users\leamm\documents\openvr-walkinplace\client_overlay\x64\release\moc_devicemanipulationtabcontroller.obj
c:\users\leamm\documents\openvr-inputemulator\client_overlay\release\moc_devicemanipulationtabcontroller.cpp
c:\users\leamm\documents\openvr-inputemulator\client_overlay\release\moc_overlaycontroller.cpp
c:\users\leamm\documents\openvr-walkinplace\client_overlay\release\moc_devicemanipulationtabcontroller.cpp
c:\users\leamm\documents\openvr-walkinplace\client_overlay\release\moc_overlaycontroller.cpp
c:\users\leamm\documents\openvr-inputemulator\client_overlay\bin\win64\openvr-WalkInPlaceOverlay.exe
c:\users\leamm\documents\openvr-walkinplace\client_overlay\bin\win64\openvr-WalkInPlaceOverlay.exe
c:\users\leamm\documents\openvr-walkinplace\client_overlay\x64\release\client_overlay.vcxprojresolveassemblyreference.cache
c:\users\leamm\documents\openvr-walkinplace\client_overlay\x64\release\client_overlay.tlog\cl.command.1.tlog
c:\users\leamm\documents\openvr-walkinplace\client_overlay\x64\release\client_overlay.tlog\cl.read.1.tlog
c:\users\leamm\documents\openvr-walkinplace\client_overlay\x64\release\client_overlay.tlog\cl.write.1.tlog
c:\users\leamm\documents\openvr-walkinplace\client_overlay\x64\release\client_overlay.tlog\custombuild.command.1.tlog
c:\users\leamm\documents\openvr-walkinplace\client_overlay\x64\release\client_overlay.tlog\custombuild.read.1.tlog
c:\users\leamm\documents\openvr-walkinplace\client_overlay\x64\release\client_overlay.tlog\custombuild.write.1.tlog
c:\users\leamm\documents\openvr-walkinplace\client_overlay\x64\release\client_overlay.tlog\link.command.1.tlog
c:\users\leamm\documents\openvr-walkinplace\client_overlay\x64\release\client_overlay.tlog\link.read.1.tlog
c:\users\leamm\documents\openvr-walkinplace\client_overlay\x64\release\client_overlay.tlog\link.write.1.tlog
