c:\users\leamm\documents\openvr-inputemulator\client_overlay\x64\debug\vc140.pdb
c:\users\leamm\documents\openvr-inputemulator\client_overlay\x64\debug\overlaycontroller.obj
c:\users\leamm\documents\openvr-inputemulator\client_overlay\x64\debug\main.obj
c:\users\leamm\documents\openvr-inputemulator\client_overlay\x64\debug\devicemanipulationtabcontroller.obj
c:\users\leamm\documents\openvr-inputemulator\client_overlay\x64\debug\moc_overlaycontroller.obj
c:\users\leamm\documents\openvr-inputemulator\client_overlay\x64\debug\moc_devicemanipulationtabcontroller.obj
c:\users\leamm\documents\openvr-inputemulator\client_overlay\debug\moc_devicemanipulationtabcontroller.cpp
c:\users\leamm\documents\openvr-inputemulator\client_overlay\debug\moc_overlaycontroller.cpp
c:\users\leamm\documents\openvr-inputemulator\client_overlay\bin\win64\openvr-inputemulatoroverlay.ilk
c:\users\leamm\documents\openvr-inputemulator\client_overlay\bin\win64\openvr-WalkInPlaceOverlay.exe
c:\users\leamm\documents\openvr-inputemulator\client_overlay\bin\win64\openvr-inputemulatoroverlay.pdb
c:\users\leamm\documents\openvr-walkinplace\client_overlay\x64\debug\devicemanipulationtabcontroller.obj
c:\users\leamm\documents\openvr-walkinplace\client_overlay\x64\debug\main.obj
c:\users\leamm\documents\openvr-walkinplace\client_overlay\x64\debug\moc_devicemanipulationtabcontroller.obj
c:\users\leamm\documents\openvr-walkinplace\client_overlay\x64\debug\moc_overlaycontroller.obj
c:\users\leamm\documents\openvr-walkinplace\client_overlay\x64\debug\overlaycontroller.obj
c:\users\leamm\documents\openvr-walkinplace\client_overlay\x64\debug\vc140.pdb
c:\users\leamm\documents\openvr-walkinplace\client_overlay\x64\debug\client_overlay.tlog\cl.command.1.tlog
c:\users\leamm\documents\openvr-walkinplace\client_overlay\x64\debug\client_overlay.tlog\cl.read.1.tlog
c:\users\leamm\documents\openvr-walkinplace\client_overlay\x64\debug\client_overlay.tlog\cl.write.1.tlog
c:\users\leamm\documents\openvr-walkinplace\client_overlay\x64\debug\client_overlay.tlog\custombuild.command.1.tlog
c:\users\leamm\documents\openvr-walkinplace\client_overlay\x64\debug\client_overlay.tlog\custombuild.read.1.tlog
c:\users\leamm\documents\openvr-walkinplace\client_overlay\x64\debug\client_overlay.tlog\custombuild.write.1.tlog
c:\users\leamm\documents\openvr-walkinplace\client_overlay\x64\debug\client_overlay.tlog\link.command.1.tlog
c:\users\leamm\documents\openvr-walkinplace\client_overlay\x64\debug\client_overlay.tlog\link.read.1.tlog
c:\users\leamm\documents\openvr-walkinplace\client_overlay\x64\debug\client_overlay.tlog\link.write.1.tlog
